[2026-05-28 00:23:13] 监控启动，配置文件: D:\Project\lingdong\ld-scrapling\tjgp_config.json，按 Ctrl+C 退出
[2026-05-28 00:23:13] 开始检查，日期范围: 2026-05-27 ~ 2026-05-27，关键词: ['天津工业大学', '能源', '供热', '托管']
[2026-05-28 00:23:13] 搜索关键词（标题）: 「天津工业大学」
[2026-05-28 00:23:25]   共 0 条（跨 4 个分类）
[2026-05-28 00:23:25]   符合条件的公告: 0 条
[2026-05-28 00:23:25] 搜索关键词（标题）: 「能源」
[2026-05-28 00:23:25]   共 0 条（跨 4 个分类）
[2026-05-28 00:23:25]   符合条件的公告: 0 条
[2026-05-28 00:23:25] 搜索关键词（标题）: 「供热」
[2026-05-28 00:23:26]   共 0 条（跨 4 个分类）
[2026-05-28 00:23:26]   符合条件的公告: 0 条
[2026-05-28 00:23:26] 搜索关键词（标题）: 「托管」
[2026-05-28 00:23:27]   共 0 条（跨 4 个分类）
[2026-05-28 00:23:27]   符合条件的公告: 0 条
[2026-05-28 00:23:27] 标题匹配共 0 条（去重后）
[2026-05-28 00:23:27] 开始正文关键词检查...
[2026-05-28 00:23:29]   分类 1665: 30 条
[2026-05-28 00:23:29]   分类 1664: 11 条
[2026-05-28 00:23:29]   分类 2021: 4 条
[2026-05-28 00:23:31]   分类 2022: 30 条
[2026-05-28 00:23:31]   需检查正文的公告: 45 条（已扫过 0 条）
[2026-05-28 00:24:13]   触发访问限制 (wait.jsp)，等待 90s 后重试...
[2026-05-28 00:26:22]   正文命中['能源', '供热', '托管']: 天津市北辰区集贤里小学政府采购意向公告...
[2026-05-28 00:26:22]   已保存: 2026-05-27/1012791477_天津市北辰区集贤里小学政府采购意向公告.txt  关键词: 供热、托管、能源
[2026-05-28 00:26:30]   正文命中['能源', '托管']: 天津市北辰区小淀小学政府采购意向公告...
[2026-05-28 00:26:30]   已保存: 2026-05-27/1012626463_天津市北辰区小淀小学政府采购意向公告.txt  关键词: 托管、能源
[2026-05-28 00:26:36]   触发访问限制 (wait.jsp)，等待 90s 后重试...
[2026-05-28 00:28:07]   正文命中['能源', '供热', '托管']: 天津市北辰区特殊教育学校政府采购意向公告...
[2026-05-28 00:28:07]   已保存: 2026-05-27/1012574581_天津市北辰区特殊教育学校政府采购意向公告.txt  关键词: 供热、托管、能源
[2026-05-28 00:28:09]   正文命中['能源', '供热', '托管']: 天津市北辰区温家房子小学政府采购意向公告...
[2026-05-28 00:28:09]   已保存: 2026-05-27/1012570051_天津市北辰区温家房子小学政府采购意向公告.txt  关键词: 供热、托管、能源
[2026-05-28 00:28:17] 
========================================
  本次运行摘要
  日期范围  : 2026-05-27 ~ 2026-05-27
  关键词    : 天津工业大学 能源 供热 托管
  标题匹配  : 0 条（去重后）
  全量抓取  : 采购公告-市级=30 | 采购公告-区级=11 | 采购意向公开-市级=4 | 采购意向公开-区级=30 | 共45条
  正文扫描  : 本次检查45条（已扫45条）
  新增公告  : 4 条
========================================
[2026-05-28 00:28:17] 休眠 120 分钟后再次检查...

[2026-05-28 00:29:46] 监控启动，配置文件: D:\Project\lingdong\ld-scrapling\tjgp_config.json，按 Ctrl+C 退出
[2026-05-28 00:29:46] 开始检查，日期范围: 2026-05-27 ~ 2026-05-27，关键词: ['天津工业大学', '能源', '供热', '托管', '空气', '运维', '供暖']
[2026-05-28 00:29:46] 搜索关键词（标题）: 「天津工业大学」
[2026-05-28 00:29:47]   共 0 条（跨 4 个分类）
[2026-05-28 00:29:47]   符合条件的公告: 0 条
[2026-05-28 00:29:47] 搜索关键词（标题）: 「能源」
[2026-05-28 00:29:48]   共 0 条（跨 4 个分类）
[2026-05-28 00:29:48]   符合条件的公告: 0 条
[2026-05-28 00:29:48] 搜索关键词（标题）: 「供热」
[2026-05-28 00:29:49]   共 0 条（跨 4 个分类）
[2026-05-28 00:29:49]   符合条件的公告: 0 条
[2026-05-28 00:29:49] 搜索关键词（标题）: 「托管」
[2026-05-28 00:29:49]   共 0 条（跨 4 个分类）
[2026-05-28 00:29:49]   符合条件的公告: 0 条
[2026-05-28 00:29:49] 搜索关键词（标题）: 「空气」
[2026-05-28 00:29:50]   共 0 条（跨 4 个分类）
[2026-05-28 00:29:50]   符合条件的公告: 0 条
[2026-05-28 00:29:50] 搜索关键词（标题）: 「运维」
[2026-05-28 00:29:51]   共 0 条（跨 4 个分类）
[2026-05-28 00:29:51]   符合条件的公告: 0 条
[2026-05-28 00:29:51] 搜索关键词（标题）: 「供暖」
[2026-05-28 00:29:52]   共 0 条（跨 4 个分类）
[2026-05-28 00:29:52]   符合条件的公告: 0 条
[2026-05-28 00:29:52] 标题匹配共 0 条（去重后）
[2026-05-28 00:29:52] 开始正文关键词检查...
[2026-05-28 00:29:53]   分类 1665: 30 条
[2026-05-28 00:29:54]   分类 1664: 11 条
[2026-05-28 00:29:54]   分类 2021: 4 条
[2026-05-28 00:29:56]   分类 2022: 30 条
[2026-05-28 00:29:56]   需检查正文的公告: 41 条（已扫过 0 条）
[2026-05-28 00:30:38]   触发访问限制 (wait.jsp)，等待 90s 后重试...
[2026-05-28 00:32:36]   正文命中['运维']: 天津轻工职业技术学院政府采购意向公告...
[2026-05-28 00:32:36]   已保存: 2026-05-27/1012564950_天津轻工职业技术学院政府采购意向公告.txt  关键词: 运维
[2026-05-28 00:33:01]   触发访问限制 (wait.jsp)，等待 90s 后重试...
[2026-05-28 00:34:44] 
========================================
  本次运行摘要
  日期范围  : 2026-05-27 ~ 2026-05-27
  关键词    : 天津工业大学 能源 供热 托管 空气 运维 供暖
  标题匹配  : 0 条（去重后）
  全量抓取  : 采购公告-市级=30 | 采购公告-区级=11 | 采购意向公开-市级=4 | 采购意向公开-区级=30 | 共45条
  正文扫描  : 本次检查41条（已扫41条）
  新增公告  : 1 条
========================================
[2026-05-28 00:34:44] 休眠 120 分钟后再次检查...

