[2026-05-28 00:43:42] 监控启动，配置文件: D:\Project\lingdong\ld-scrapling\ynzy_config.json，按 Ctrl+C 退出
[2026-05-28 00:43:42] 开始检查，日期范围: 2026-05-01 ~ 2026-05-31，关键词: ['能源', '信息化']
[2026-05-28 00:43:42] 搜索关键词: 「能源」
[2026-05-28 00:43:53]   符合条件的公告信息: 2 条
[2026-05-28 00:43:53]   抓取详情: 云南红塔蓝鹰纸业有限公司2026-2029年度综合管理体系换版咨询、认证、监督审...
[2026-05-28 00:43:53]   已保存: 2026-05-14/617300_云南红塔蓝鹰纸业有限公司2026-2029年度综合管理体系换版咨询、认证、监督审核项目询比公告.txt
[2026-05-28 00:43:55]   抓取详情: 云南中烟再造烟叶有限责任公司原料仓库及前处理配套工程建设项目空压及蒸汽系统购置安...
[2026-05-28 00:43:56]   已保存: 2026-05-13/617257_云南中烟再造烟叶有限责任公司原料仓库及前处理配套工程建设项目空压及蒸汽系统购置安装工程(二次)（项目名称）_（标段）施工招标公告.txt
[2026-05-28 00:43:58] 搜索关键词: 「信息化」
[2026-05-28 00:43:58]   符合条件的公告信息: 4 条
[2026-05-28 00:43:58]   抓取详情: 云南云成印务有限公司2026-2027年度<font color=red>信息化...
[2026-05-28 00:43:59]   已保存: 2026-05-22/617653_云南云成印务有限公司2026-2027年度_font color=red_信息化__font_维修维护采购项目询比采购公告.txt
[2026-05-28 00:44:01]   抓取详情: 中烟施伟策2026年职级与员工职业发展体系搭建咨询服务采购项目（二次招标） 中标...
[2026-05-28 00:44:01]   已保存: 2026-05-20/617489_中烟施伟策2026年职级与员工职业发展体系搭建咨询服务采购项目（二次招标） 中标结果公告.txt
[2026-05-28 00:44:03]   抓取详情: 云南中烟工业有限责任公司营销中心2026-2027年营销物料采购项目(打火机)-...
[2026-05-28 00:44:03]   已保存: 2026-05-18/617385_云南中烟工业有限责任公司营销中心2026-2027年营销物料采购项目(打火机)-公开招标公告.txt
[2026-05-28 00:44:05]   抓取详情: 中烟施伟策2026年职级与员工职业发展体系搭建咨询服务采购项目（二次招标）中标候...
[2026-05-28 00:44:05]   已保存: 2026-05-15/617362_中烟施伟策2026年职级与员工职业发展体系搭建咨询服务采购项目（二次招标）中标候选人公示.txt
[2026-05-28 00:44:07] 
========================================
  本次运行摘要
  日期范围  : 2026-05-01 ~ 2026-05-31
  关键词    : 能源 信息化
  新增公告  : 6 条
========================================
[2026-05-28 00:44:07] 休眠 120 分钟后再次检查...

[2026-05-28 00:46:23] 监控启动，配置文件: D:\Project\lingdong\ld-scrapling\ynzy_config.json，按 Ctrl+C 退出
[2026-05-28 00:46:23] 开始检查，日期范围: 2026-05-01 ~ 2026-05-31，关键词: ['能源', '信息化']
[2026-05-28 00:46:23] 搜索关键词: 「能源」
[2026-05-28 00:46:24]   符合条件的公告信息: 2 条
[2026-05-28 00:46:24] 搜索关键词: 「信息化」
[2026-05-28 00:46:24]   符合条件的公告信息: 4 条
[2026-05-28 00:46:24] 
========================================
  本次运行摘要
  云南中烟招标公告信息
  日期范围  : 2026-05-01 ~ 2026-05-31
  关键词    : 能源 信息化
  新增公告  : 0 条
========================================
[2026-05-28 00:46:24] 休眠 120 分钟后再次检查...

[2026-05-28 00:46:51] 监控启动，配置文件: D:\Project\lingdong\ld-scrapling\ynzy_config.json，按 Ctrl+C 退出
[2026-05-28 00:46:51] 开始检查，日期范围: 2026-05-28 ~ 2026-05-28，关键词: ['能源', '信息化']
[2026-05-28 00:46:51] 搜索关键词: 「能源」
[2026-05-28 00:46:51]   符合条件的公告信息: 0 条
[2026-05-28 00:46:51] 搜索关键词: 「信息化」
[2026-05-28 00:46:52]   符合条件的公告信息: 0 条
[2026-05-28 00:46:52] 
========================================
  本次运行摘要
  云南中烟招标公告信息
  日期范围  : 2026-05-28 ~ 2026-05-28
  关键词    : 能源 信息化
  新增公告  : 0 条
========================================
[2026-05-28 00:46:52] 休眠 120 分钟后再次检查...

[2026-05-28 11:06:11] 开始检查，日期范围: 2026-05-01 ~ 2026-05-31，关键词: ['能源', '信息化']
[2026-05-28 11:06:11] 搜索关键词: 「能源」
[2026-05-28 11:06:22]   符合条件的公告信息: 2 条
[2026-05-28 11:06:22]   抓取详情: 云南红塔蓝鹰纸业有限公司2026-2029年度综合管理体系换版咨询、认证、监督审...
[2026-05-28 11:06:23]   已保存: 2026-05-14/617300_云南红塔蓝鹰纸业有限公司2026-2029年度综合管理体系换版咨询、认证、监督审核项目询比公告.txt
[2026-05-28 11:06:25]   抓取详情: 云南中烟再造烟叶有限责任公司原料仓库及前处理配套工程建设项目空压及蒸汽系统购置安...
[2026-05-28 11:06:25]   已保存: 2026-05-13/617257_云南中烟再造烟叶有限责任公司原料仓库及前处理配套工程建设项目空压及蒸汽系统购置安装工程(二次)（项目名称）_（标段）施工招标公告.txt
[2026-05-28 11:06:27] 搜索关键词: 「信息化」
[2026-05-28 11:06:28]   符合条件的公告信息: 4 条
[2026-05-28 11:06:28]   抓取详情: 云南云成印务有限公司2026-2027年度<font color=red>信息化...
[2026-05-28 11:06:28]   已保存: 2026-05-22/617653_云南云成印务有限公司2026-2027年度_font color=red_信息化__font_维修维护采购项目询比采购公告.txt
[2026-05-28 11:06:30]   抓取详情: 中烟施伟策2026年职级与员工职业发展体系搭建咨询服务采购项目（二次招标） 中标...
[2026-05-28 11:06:30]   已保存: 2026-05-20/617489_中烟施伟策2026年职级与员工职业发展体系搭建咨询服务采购项目（二次招标） 中标结果公告.txt
[2026-05-28 11:06:32]   抓取详情: 云南中烟工业有限责任公司营销中心2026-2027年营销物料采购项目(打火机)-...
[2026-05-28 11:06:32]   已保存: 2026-05-18/617385_云南中烟工业有限责任公司营销中心2026-2027年营销物料采购项目(打火机)-公开招标公告.txt
[2026-05-28 11:06:34]   抓取详情: 中烟施伟策2026年职级与员工职业发展体系搭建咨询服务采购项目（二次招标）中标候...
[2026-05-28 11:06:35]   已保存: 2026-05-15/617362_中烟施伟策2026年职级与员工职业发展体系搭建咨询服务采购项目（二次招标）中标候选人公示.txt
[2026-05-28 11:06:37] 
========================================
  本次运行摘要
  云南中烟招标公告信息
  日期范围  : 2026-05-01 ~ 2026-05-31
  关键词    : 能源 信息化
  新增公告  : 6 条
========================================
[2026-05-28 12:00:39] 开始检查，日期范围: 2026-05-01 ~ 2026-05-31，关键词: ['能源', '信息化']
[2026-05-28 12:00:39] 搜索关键词: 「能源」
[2026-05-28 12:00:40]   符合条件的公告信息: 2 条
[2026-05-28 12:00:40]   抓取详情: 云南红塔蓝鹰纸业有限公司2026-2029年度综合管理体系换版咨询、认证、监督审...
[2026-05-28 12:00:40]   已保存: 2026-05-14/617300_云南红塔蓝鹰纸业有限公司2026-2029年度综合管理体系换版咨询、认证、监督审核项目询比公告.txt
[2026-05-28 12:00:42]   抓取详情: 云南中烟再造烟叶有限责任公司原料仓库及前处理配套工程建设项目空压及蒸汽系统购置安...
[2026-05-28 12:00:42]   已保存: 2026-05-13/617257_云南中烟再造烟叶有限责任公司原料仓库及前处理配套工程建设项目空压及蒸汽系统购置安装工程(二次)（项目名称）_（标段）施工招标公告.txt
[2026-05-28 12:00:44] 搜索关键词: 「信息化」
[2026-05-28 12:00:45]   符合条件的公告信息: 4 条
[2026-05-28 12:00:45]   抓取详情: 云南云成印务有限公司2026-2027年度<font color=red>信息化...
[2026-05-28 12:00:45]   已保存: 2026-05-22/617653_云南云成印务有限公司2026-2027年度_font color=red_信息化__font_维修维护采购项目询比采购公告.txt
[2026-05-28 12:00:47]   抓取详情: 中烟施伟策2026年职级与员工职业发展体系搭建咨询服务采购项目（二次招标） 中标...
[2026-05-28 12:00:47]   已保存: 2026-05-20/617489_中烟施伟策2026年职级与员工职业发展体系搭建咨询服务采购项目（二次招标） 中标结果公告.txt
[2026-05-28 12:00:49]   抓取详情: 云南中烟工业有限责任公司营销中心2026-2027年营销物料采购项目(打火机)-...
[2026-05-28 12:00:50]   已保存: 2026-05-18/617385_云南中烟工业有限责任公司营销中心2026-2027年营销物料采购项目(打火机)-公开招标公告.txt
[2026-05-28 12:00:52]   抓取详情: 中烟施伟策2026年职级与员工职业发展体系搭建咨询服务采购项目（二次招标）中标候...
[2026-05-28 12:00:52]   已保存: 2026-05-15/617362_中烟施伟策2026年职级与员工职业发展体系搭建咨询服务采购项目（二次招标）中标候选人公示.txt
[2026-05-28 12:00:54] 
========================================
  本次运行摘要
  云南中烟招标公告信息
  日期范围  : 2026-05-01 ~ 2026-05-31
  关键词    : 能源 信息化
  新增公告  : 6 条
========================================
[2026-05-28 14:04:57] 监控启动，配置文件: D:\Project\lingdong\ld-scrapling\ynzy_config.json，按 Ctrl+C 退出
[2026-05-28 14:04:57] 开始检查，日期范围: 2026-05-28 ~ 2026-05-28，关键词: ['能源', '信息化']
[2026-05-28 14:04:57] 搜索关键词: 「能源」
[2026-05-28 14:05:09]   符合条件的公告信息: 0 条
[2026-05-28 14:05:09] 搜索关键词: 「信息化」
[2026-05-28 14:05:09]   符合条件的公告信息: 0 条
[2026-05-28 14:05:09] 
========================================
  本次运行摘要
  云南中烟招标公告信息
  日期范围  : 2026-05-28 ~ 2026-05-28
  关键词    : 能源 信息化
  新增公告  : 0 条
========================================
[2026-05-28 14:05:09] 休眠 120 分钟后再次检查...

[2026-05-28 14:23:18] 开始检查，日期范围: 2026-05-28 ~ 2026-05-28，关键词: ['能源', '信息化']
[2026-05-28 14:23:18] 搜索关键词: 「能源」
[2026-05-28 14:23:29]   符合条件的公告信息: 0 条
[2026-05-28 14:23:29] 搜索关键词: 「信息化」
[2026-05-28 14:23:30]   符合条件的公告信息: 0 条
[2026-05-28 14:23:30] 
========================================
  本次运行摘要
  云南中烟招标公告信息
  日期范围  : 2026-05-28 ~ 2026-05-28
  关键词    : 能源 信息化
  新增公告  : 0 条
========================================
[2026-05-28 14:37:33] 开始检查，日期范围: 2026-05-28 ~ 2026-05-28，关键词: ['能源', '信息化']
[2026-05-28 14:37:33] 搜索关键词: 「能源」
[2026-05-28 14:37:34]   符合条件的公告信息: 0 条
[2026-05-28 14:37:34] 搜索关键词: 「信息化」
[2026-05-28 14:37:34]   符合条件的公告信息: 0 条
[2026-05-28 14:37:34] 
========================================
  本次运行摘要
  云南中烟招标公告信息
  日期范围  : 2026-05-28 ~ 2026-05-28
  关键词    : 能源 信息化
  新增公告  : 0 条
========================================
[2026-05-28 14:42:17] 开始检查，日期范围: 2026-05-28 ~ 2026-05-28，关键词: ['能源', '信息化']
[2026-05-28 14:42:17] 搜索关键词: 「能源」
[2026-05-28 14:42:17]   符合条件的公告信息: 0 条
[2026-05-28 14:42:17] 搜索关键词: 「信息化」
[2026-05-28 14:42:18]   符合条件的公告信息: 0 条
[2026-05-28 14:42:18] 
========================================
  本次运行摘要
  云南中烟招标公告信息
  日期范围  : 2026-05-28 ~ 2026-05-28
  关键词    : 能源 信息化
  新增公告  : 0 条
========================================
[2026-05-28 14:52:42] 开始检查，日期范围: 2026-05-28 ~ 2026-05-28，关键词: ['能源', '信息化']
[2026-05-28 14:52:42] 搜索关键词: 「能源」
[2026-05-28 14:52:54]   符合条件的公告信息: 0 条
[2026-05-28 14:52:54] 搜索关键词: 「信息化」
[2026-05-28 14:52:54]   符合条件的公告信息: 0 条
[2026-05-28 14:52:54] 
========================================
  本次运行摘要
  云南中烟招标公告信息
  日期范围  : 2026-05-28 ~ 2026-05-28
  关键词    : 能源 信息化
  已采集公告: 0 条
  新增公告  : 0 条
========================================
[2026-05-28 15:00:36] 开始检查，日期范围: 2026-05-28 ~ 2026-05-28，关键词: ['能源', '信息化']
[2026-05-28 15:00:36] 搜索关键词: 「能源」
[2026-05-28 15:00:48]   符合条件的公告信息: 0 条
[2026-05-28 15:00:48] 搜索关键词: 「信息化」
[2026-05-28 15:00:48]   符合条件的公告信息: 0 条
[2026-05-28 15:00:48] 
========================================
  本次运行摘要
  云南中烟招标公告信息
  日期范围  : 2026-05-28 ~ 2026-05-28
  关键词    : 能源 信息化
  已采集公告: 0 条
  新增公告  : 0 条
========================================
[2026-05-28 15:58:01] 开始检查，日期范围: 2026-05-28 ~ 2026-05-28，关键词: ['能源', '信息化']
[2026-05-28 15:58:01] 搜索关键词: 「能源」
[2026-05-28 15:58:13]   符合条件的公告信息: 0 条
[2026-05-28 15:58:13] 搜索关键词: 「信息化」
[2026-05-28 15:58:14]   符合条件的公告信息: 0 条
[2026-05-28 15:58:14] 
========================================
  本次运行摘要
  云南中烟招标公告信息
  日期范围  : 2026-05-28 ~ 2026-05-28
  关键词    : 能源 信息化
  已采集公告: 0 条
  新增公告  : 0 条
========================================
[2026-05-28 16:13:30] 开始检查，日期范围: 2026-05-28 ~ 2026-05-28，关键词: ['能源', '信息化']
[2026-05-28 16:13:30] 搜索关键词: 「能源」
[2026-05-28 16:13:42]   符合条件的公告信息: 0 条
[2026-05-28 16:13:42] 搜索关键词: 「信息化」
[2026-05-28 16:13:42]   符合条件的公告信息: 0 条
[2026-05-28 16:13:42] 
========================================
  本次运行摘要
  云南中烟招标公告信息
  日期范围  : 2026-05-28 ~ 2026-05-28
  关键词    : 能源 信息化
  已采集公告: 0 条
  新增公告  : 0 条
========================================
